<?xml version="1.0" encoding="UTF-8"?>
<testng-results skipped="0" failed="0" ignored="0" total="5" passed="5">
  <reporter-output>
  </reporter-output>
  <suite name="Default suite" duration-ms="11623" started-at="2022-11-01T08:26:43Z" finished-at="2022-11-01T08:26:55Z">
    <groups>
    </groups>
    <test name="Default test" duration-ms="11623" started-at="2022-11-01T08:26:43Z" finished-at="2022-11-01T08:26:55Z">
      <class name="org.exe.ExecutionClass">
        <test-method status="PASS" signature="launch()[pri:0, instance:org.exe.ExecutionClass@43301423]" name="launch" is-config="true" duration-ms="3895" started-at="2022-11-01T08:26:43Z" finished-at="2022-11-01T08:26:47Z">
          <reporter-output>
          </reporter-output>
        </test-method> <!-- launch -->
        <test-method status="PASS" signature="m1()[pri:0, instance:org.exe.ExecutionClass@43301423]" name="m1" duration-ms="1409" started-at="2022-11-01T08:26:47Z" finished-at="2022-11-01T08:26:49Z">
          <reporter-output>
          </reporter-output>
        </test-method> <!-- m1 -->
        <test-method status="PASS" signature="m2()[pri:0, instance:org.exe.ExecutionClass@43301423]" name="m2" duration-ms="2503" started-at="2022-11-01T08:26:49Z" finished-at="2022-11-01T08:26:51Z">
          <reporter-output>
          </reporter-output>
        </test-method> <!-- m2 -->
        <test-method status="PASS" signature="m3()[pri:0, instance:org.exe.ExecutionClass@43301423]" name="m3" duration-ms="1358" started-at="2022-11-01T08:26:51Z" finished-at="2022-11-01T08:26:53Z">
          <reporter-output>
          </reporter-output>
        </test-method> <!-- m3 -->
        <test-method status="PASS" signature="m4()[pri:0, instance:org.exe.ExecutionClass@43301423]" name="m4" duration-ms="1286" started-at="2022-11-01T08:26:53Z" finished-at="2022-11-01T08:26:54Z">
          <reporter-output>
          </reporter-output>
        </test-method> <!-- m4 -->
        <test-method status="PASS" signature="m5()[pri:0, instance:org.exe.ExecutionClass@43301423]" name="m5" duration-ms="1138" started-at="2022-11-01T08:26:54Z" finished-at="2022-11-01T08:26:55Z">
          <reporter-output>
          </reporter-output>
        </test-method> <!-- m5 -->
      </class> <!-- org.exe.ExecutionClass -->
    </test> <!-- Default test -->
  </suite> <!-- Default suite -->
</testng-results>
